06/24/24 18:26:56,801 [134861181261632] [DEBUG] - del_user_file #successful deleted user_file
06/24/24 18:26:56,802 [134861181261632] [DEBUG] - find_url #url=group1/M00/00/00/wKi2nmZ5SbaAFj80AAZVW7qUxWA1.Debug
06/24/24 18:26:56,802 [134861181261632] [DEBUG] - del_count # start plan sqlkevin
06/24/24 18:46:03,514 [135726444295744] [DEBUG] - del_redis # successful deleted redis data
06/24/24 18:46:03,515 [135726499555136] [DEBUG] - del_user_file #successful deleted user_file
06/24/24 18:46:03,515 [135726499555136] [DEBUG] - find_url #url=group1/M00/00/00/wKi2nmZ5SbaAFj80AAZVW7qUxWA1.Debug
06/24/24 18:46:03,516 [135726499555136] [DEBUG] - del_count # start plan sql user=kevin
06/24/24 18:49:38,692 [138160909522752] [DEBUG] - del_user_file #successful deleted user_file
06/24/24 18:49:38,693 [138160909522752] [DEBUG] - find_url #url=group1/M00/00/00/wKi2nmZ5SbaAFj80AAZVW7qUxWA1.Debug
06/24/24 18:51:38,701 [133758549096256] [DEBUG] - del_user_file #successful deleted user_file
06/24/24 18:51:38,701 [133758549096256] [DEBUG] - find_url #url=group1/M00/00/00/wKi2nmZ5SbaAFj80AAZVW7qUxWA1.Debug
06/24/24 18:53:07,773 [139197841762112] [DEBUG] - del_user_file #successful deleted user_file
06/24/24 18:53:07,773 [139197841762112] [DEBUG] - find_url #url=group1/M00/00/00/wKi2nmZ5SbaAFj80AAZVW7qUxWA1.Debug
06/24/24 18:53:07,773 [139197841762112] [DEBUG] - del_file_info # plan to delete file_info data
06/24/24 18:54:08,853 [136980323706688] [DEBUG] - del_user_file #successful deleted user_file
06/24/24 18:54:08,853 [136980323706688] [DEBUG] - find_url #url=group1/M00/00/00/wKi2nmZ5SbaAFj80AAZVW7qUxWA1.Debug
06/24/24 18:54:08,853 [136980323706688] [DEBUG] - del_count # start plan sql user=kevin
06/24/24 18:54:08,854 [136980323706688] [DEBUG] - del_count # start plan to delete user_count
06/24/24 18:54:08,854 [136980323706688] [DEBUG] - del_file_info # plan to delete file_info data
06/24/24 18:54:08,855 [136980323706688] [DEBUG] - del_file_info # successful deleted file_info data
06/24/24 18:54:08,855 [136980323706688] [DEBUG] - del_shared # start plan to delete shared data
06/24/24 18:54:08,855 [136980323706688] [DEBUG] - del_shared # successful find shared data
06/24/24 18:54:08,858 [136980323706688] [DEBUG] - del_fdfs_file #stdin=
06/24/24 18:54:51,215 [136980323706688] [DEBUG] - del_user_file #successful deleted user_file
06/24/24 18:54:51,215 [136980323706688] [DEBUG] - find_url #url=group1/M00/00/00/wKi2nmZ42AaAI875AAADLNU18hI6693.rc
06/24/24 18:54:51,215 [136980323706688] [DEBUG] - del_count # start plan sql user=kevin
06/24/24 18:54:51,216 [136980323706688] [DEBUG] - del_count # start plan to delete user_count
06/24/24 18:54:51,216 [136980323706688] [DEBUG] - del_file_info # plan to delete file_info data
06/24/24 18:54:51,216 [136980323706688] [DEBUG] - del_file_info # successful deleted file_info data
06/24/24 18:54:51,216 [136980323706688] [DEBUG] - del_shared # start plan to delete shared data
06/24/24 18:54:51,217 [136980323706688] [DEBUG] - del_shared # successful find shared data
06/24/24 18:54:51,218 [136980323706688] [DEBUG] - del_shared # successful deleted shared data
06/24/24 18:54:51,220 [136980323706688] [DEBUG] - del_fdfs_file #stdin=
